Build started 1.11.2013 12:36:42.
Project "C:\Documents and Settings\spravce\Dokumenty\Visual Studio 2010\Projects\Tracker10\Tracker10\Tracker10.vcxproj" on node 2 (build target(s)).
InitializeBuildStatus:
  Creating "Debug\Tracker10.unsuccessfulbuild" because "AlwaysCreate" was specified.
ClCompile:
  c:\Program Files\Microsoft Visual Studio 10.0\VC\bin\CL.exe /c /I"C:\Program Files\opencv\build\include" /ZI /nologo /W3 /WX- /Od /Oy- /D WIN32 /D _DEBUG /D _CONSOLE /D _UNICODE /D UNICODE /Gm /EHsc /RTC1 /MDd /GS /fp:precise /Zc:wchar_t /Zc:forScope /Fo"Debug\\" /Fd"Debug\vc100.pdb" /Gd /TP /analyze- /errorReport:prompt Tracker10.cpp
  Tracker10.cpp
ManifestResourceCompile:
  All outputs are up-to-date.
Link:
  c:\Program Files\Microsoft Visual Studio 10.0\VC\bin\link.exe /ERRORREPORT:PROMPT /OUT:"C:\Documents and Settings\spravce\Dokumenty\Visual Studio 2010\Projects\Tracker10\Debug\Tracker10.exe" /INCREMENTAL /NOLOGO /LIBPATH:"C:\Program Files\opencv\build\x86\vc10\lib" opencv_core245d.lib opencv_imgproc245d.lib opencv_highgui245d.lib opencv_ml245d.lib opencv_video245d.lib opencv_features2d245d.lib opencv_calib3d245d.lib opencv_objdetect245d.lib opencv_contrib245d.lib opencv_legacy245d.lib opencv_flann245d.lib kernel32.lib user32.lib gdi32.lib winspool.lib comdlg32.lib advapi32.lib shell32.lib ole32.lib oleaut32.lib uuid.lib odbc32.lib odbccp32.lib /MANIFEST /ManifestFile:"Debug\Tracker10.exe.intermediate.manifest" /MANIFESTUAC:"level='asInvoker' uiAccess='false'" /DEBUG /PDB:"C:\Documents and Settings\spravce\Dokumenty\Visual Studio 2010\Projects\Tracker10\Debug\Tracker10.pdb" /SUBSYSTEM:CONSOLE /TLBID:1 /DYNAMICBASE /NXCOMPAT /IMPLIB:"C:\Documents and Settings\spravce\Dokumenty\Visual Studio 2010\Projects\Tracker10\Debug\Tracker10.lib" /MACHINE:X86 Debug\Tracker10.exe.embed.manifest.res
  Debug\Tracker10.obj
Manifest:
  C:\Program Files\Microsoft SDKs\Windows\v7.0A\bin\mt.exe /nologo /verbose /out:"Debug\Tracker10.exe.embed.manifest" /manifest Debug\Tracker10.exe.intermediate.manifest
  All outputs are up-to-date.
LinkEmbedManifest:
  All outputs are up-to-date.
  Tracker10.vcxproj -> C:\Documents and Settings\spravce\Dokumenty\Visual Studio 2010\Projects\Tracker10\Debug\Tracker10.exe
FinalizeBuildStatus:
  Deleting file "Debug\Tracker10.unsuccessfulbuild".
  Touching "Debug\Tracker10.lastbuildstate".
Done Building Project "C:\Documents and Settings\spravce\Dokumenty\Visual Studio 2010\Projects\Tracker10\Tracker10\Tracker10.vcxproj" (build target(s)).

Build succeeded.

Time Elapsed 00:00:07.57
