C:\DOCUMENTS AND SETTINGS\SPRAVCE\DOKUMENTY\VISUAL STUDIO 2010\PROJECTS\TRACKER10\DEBUG\TRACKER10.EXE
C:\DOCUMENTS AND SETTINGS\SPRAVCE\DOKUMENTY\VISUAL STUDIO 2010\PROJECTS\TRACKER10\DEBUG\TRACKER10.ILK
C:\DOCUMENTS AND SETTINGS\SPRAVCE\DOKUMENTY\VISUAL STUDIO 2010\PROJECTS\TRACKER10\DEBUG\TRACKER10.PDB
C:\Documents and Settings\spravce\Dokumenty\Visual Studio 2010\Projects\Tracker10\Tracker10\Debug\cl.command.1.tlog
C:\Documents and Settings\spravce\Dokumenty\Visual Studio 2010\Projects\Tracker10\Tracker10\Debug\CL.read.1.tlog
C:\Documents and Settings\spravce\Dokumenty\Visual Studio 2010\Projects\Tracker10\Tracker10\Debug\CL.write.1.tlog
C:\Documents and Settings\spravce\Dokumenty\Visual Studio 2010\Projects\Tracker10\Tracker10\Debug\link.5140.read.1.tlog
C:\Documents and Settings\spravce\Dokumenty\Visual Studio 2010\Projects\Tracker10\Tracker10\Debug\link.5140.write.1.tlog
C:\Documents and Settings\spravce\Dokumenty\Visual Studio 2010\Projects\Tracker10\Tracker10\Debug\link.5140-cvtres.read.1.tlog
C:\Documents and Settings\spravce\Dokumenty\Visual Studio 2010\Projects\Tracker10\Tracker10\Debug\link.5140-cvtres.write.1.tlog
C:\Documents and Settings\spravce\Dokumenty\Visual Studio 2010\Projects\Tracker10\Tracker10\Debug\link.command.1.tlog
C:\Documents and Settings\spravce\Dokumenty\Visual Studio 2010\Projects\Tracker10\Tracker10\Debug\link.read.1.tlog
C:\Documents and Settings\spravce\Dokumenty\Visual Studio 2010\Projects\Tracker10\Tracker10\Debug\link.write.1.tlog
C:\Documents and Settings\spravce\Dokumenty\Visual Studio 2010\Projects\Tracker10\Tracker10\Debug\link-cvtres.read.1.tlog
C:\Documents and Settings\spravce\Dokumenty\Visual Studio 2010\Projects\Tracker10\Tracker10\Debug\link-cvtres.write.1.tlog
C:\Documents and Settings\spravce\Dokumenty\Visual Studio 2010\Projects\Tracker10\Tracker10\Debug\mt.command.1.tlog
C:\Documents and Settings\spravce\Dokumenty\Visual Studio 2010\Projects\Tracker10\Tracker10\Debug\mt.read.1.tlog
C:\Documents and Settings\spravce\Dokumenty\Visual Studio 2010\Projects\Tracker10\Tracker10\Debug\mt.write.1.tlog
C:\Documents and Settings\spravce\Dokumenty\Visual Studio 2010\Projects\Tracker10\Tracker10\Debug\rc.command.1.tlog
C:\Documents and Settings\spravce\Dokumenty\Visual Studio 2010\Projects\Tracker10\Tracker10\Debug\rc.read.1.tlog
C:\Documents and Settings\spravce\Dokumenty\Visual Studio 2010\Projects\Tracker10\Tracker10\Debug\rc.write.1.tlog
C:\DOCUMENTS AND SETTINGS\SPRAVCE\DOKUMENTY\VISUAL STUDIO 2010\PROJECTS\TRACKER10\TRACKER10\DEBUG\TRACKER10.EXE.EMBED.MANIFEST
C:\DOCUMENTS AND SETTINGS\SPRAVCE\DOKUMENTY\VISUAL STUDIO 2010\PROJECTS\TRACKER10\TRACKER10\DEBUG\TRACKER10.EXE.EMBED.MANIFEST.RES
C:\DOCUMENTS AND SETTINGS\SPRAVCE\DOKUMENTY\VISUAL STUDIO 2010\PROJECTS\TRACKER10\TRACKER10\DEBUG\TRACKER10.EXE.INTERMEDIATE.MANIFEST
C:\DOCUMENTS AND SETTINGS\SPRAVCE\DOKUMENTY\VISUAL STUDIO 2010\PROJECTS\TRACKER10\TRACKER10\DEBUG\TRACKER10.OBJ
C:\Documents and Settings\spravce\Dokumenty\Visual Studio 2010\Projects\Tracker10\Tracker10\Debug\Tracker10_manifest.rc
C:\Documents and Settings\spravce\Dokumenty\Visual Studio 2010\Projects\Tracker10\Tracker10\Debug\vc100.idb
C:\DOCUMENTS AND SETTINGS\SPRAVCE\DOKUMENTY\VISUAL STUDIO 2010\PROJECTS\TRACKER10\TRACKER10\DEBUG\VC100.PDB
