Build started 19.12.2012 19:04:56.
Project "C:\Documents and Settings\spravce\Dokumenty\Visual Studio 2010\Projects\poroject\poroject\poroject.vcxproj" on node 2 (build target(s)).
InitializeBuildStatus:
  Creating "Debug\Guessgame.unsuccessfulbuild" because "AlwaysCreate" was specified.
ClCompile:
  All outputs are up-to-date.
  c:\Program Files\Microsoft Visual Studio 10.0\VC\bin\CL.exe /c /ZI /nologo /W3 /WX- /Od /Oy- /D WIN32 /D _DEBUG /D _CONSOLE /D _UNICODE /D UNICODE /Gm /EHsc /RTC1 /MDd /GS /fp:precise /Zc:wchar_t /Zc:forScope /Yc"StdAfx.h" /Fp"Debug\Guessgame.pch" /Fo"Debug\\" /Fd"Debug\vc100.pdb" /Gd /TP /analyze- /errorReport:prompt stdafx.cpp
  stdafx.cpp
  c:\Program Files\Microsoft Visual Studio 10.0\VC\bin\CL.exe /c /ZI /nologo /W3 /WX- /Od /Oy- /D WIN32 /D _DEBUG /D _CONSOLE /D _UNICODE /D UNICODE /Gm /EHsc /RTC1 /MDd /GS /fp:precise /Zc:wchar_t /Zc:forScope /Yu"StdAfx.h" /Fp"Debug\Guessgame.pch" /Fo"Debug\\" /Fd"Debug\vc100.pdb" /Gd /TP /analyze- /errorReport:prompt Guessgame.cpp
  Guessgame.cpp
c:\documents and settings\spravce\dokumenty\visual studio 2010\projects\poroject\poroject\guessgame.cpp(14): warning C4244: 'argument' : conversion from 'time_t' to 'unsigned int', possible loss of data
ManifestResourceCompile:
  C:\Program Files\Microsoft SDKs\Windows\v7.0A\bin\rc.exe /nologo /fo"Debug\Guessgame.exe.embed.manifest.res" Debug\Guessgame_manifest.rc 
Link:
  c:\Program Files\Microsoft Visual Studio 10.0\VC\bin\link.exe /ERRORREPORT:PROMPT /OUT:"C:\Documents and Settings\spravce\Dokumenty\Visual Studio 2010\Projects\poroject\Debug\Guessgame.exe" /INCREMENTAL /NOLOGO kernel32.lib user32.lib gdi32.lib winspool.lib comdlg32.lib advapi32.lib shell32.lib ole32.lib oleaut32.lib uuid.lib odbc32.lib odbccp32.lib /MANIFEST /ManifestFile:"Debug\Guessgame.exe.intermediate.manifest" /MANIFESTUAC:"level='asInvoker' uiAccess='false'" /DEBUG /PDB:"C:\Documents and Settings\spravce\Dokumenty\Visual Studio 2010\Projects\poroject\Debug\Guessgame.pdb" /SUBSYSTEM:CONSOLE /TLBID:1 /DYNAMICBASE /NXCOMPAT /IMPLIB:"C:\Documents and Settings\spravce\Dokumenty\Visual Studio 2010\Projects\poroject\Debug\Guessgame.lib" /MACHINE:X86 Debug\Guessgame.exe.embed.manifest.res
  Debug\Guessgame.obj
  Debug\stdafx.obj
Manifest:
  C:\Program Files\Microsoft SDKs\Windows\v7.0A\bin\mt.exe /nologo /verbose /out:"Debug\Guessgame.exe.embed.manifest" /manifest Debug\Guessgame.exe.intermediate.manifest
  C:\Program Files\Microsoft SDKs\Windows\v7.0A\bin\rc.exe /nologo /fo"Debug\Guessgame.exe.embed.manifest.res" Debug\Guessgame_manifest.rc 
LinkEmbedManifest:
  c:\Program Files\Microsoft Visual Studio 10.0\VC\bin\link.exe /ERRORREPORT:PROMPT /OUT:"C:\Documents and Settings\spravce\Dokumenty\Visual Studio 2010\Projects\poroject\Debug\Guessgame.exe" /INCREMENTAL /NOLOGO kernel32.lib user32.lib gdi32.lib winspool.lib comdlg32.lib advapi32.lib shell32.lib ole32.lib oleaut32.lib uuid.lib odbc32.lib odbccp32.lib /MANIFEST /ManifestFile:"Debug\Guessgame.exe.intermediate.manifest" /MANIFESTUAC:"level='asInvoker' uiAccess='false'" /DEBUG /PDB:"C:\Documents and Settings\spravce\Dokumenty\Visual Studio 2010\Projects\poroject\Debug\Guessgame.pdb" /SUBSYSTEM:CONSOLE /TLBID:1 /DYNAMICBASE /NXCOMPAT /IMPLIB:"C:\Documents and Settings\spravce\Dokumenty\Visual Studio 2010\Projects\poroject\Debug\Guessgame.lib" /MACHINE:X86 Debug\Guessgame.exe.embed.manifest.res
  Debug\Guessgame.obj
  Debug\stdafx.obj
  poroject.vcxproj -> C:\Documents and Settings\spravce\Dokumenty\Visual Studio 2010\Projects\poroject\Debug\Guessgame.exe
FinalizeBuildStatus:
  Deleting file "Debug\Guessgame.unsuccessfulbuild".
  Touching "Debug\Guessgame.lastbuildstate".
Done Building Project "C:\Documents and Settings\spravce\Dokumenty\Visual Studio 2010\Projects\poroject\poroject\poroject.vcxproj" (build target(s)).

Build succeeded.

Time Elapsed 00:00:09.65
